
time="2021-07-01T15:24:36+08:00" level=info client_ip="::1" latency_time=0s req_method=GET req_uri=//user/user/getList status_code=404
time="2021-07-01T15:24:36+08:00" level=info client_ip="::1" latency_time=0s req_method=GET req_uri=/favicon.ico status_code=404
time="2021-07-01T15:24:40+08:00" level=info client_ip="::1" latency_time=0s req_method=GET req_uri=//user/user/getList status_code=404
time="2021-07-01T15:31:33+08:00" level=info client_ip="::1" latency_time=95.5732ms req_method=GET req_uri="/user/user/getList?page=0&limit=10" status_code=200
time="2021-07-01T15:40:47+08:00" level=info client_ip="::1" latency_time=2.998ms req_method=GET req_uri="/user/user/getList?page=0&limit=10" status_code=200
time="2021-07-01T15:46:06+08:00" level=info client_ip="::1" latency_time=3.607ms req_method=GET req_uri="/user/user/getList?page=0&limit=10" status_code=200
time="2021-07-01T15:49:24+08:00" level=info client_ip="::1" latency_time=2.7349ms req_method=GET req_uri="/user/user/getList?page=0&limit=10" status_code=200
time="2021-07-01T15:51:01+08:00" level=info client_ip="::1" latency_time=87.619ms req_method=POST req_uri=/user/user/create status_code=200
time="2021-07-01T15:51:06+08:00" level=info client_ip="::1" latency_time=2.2038ms req_method=GET req_uri="/user/user/getList?page=0&limit=10" status_code=200
time="2021-07-01T15:52:42+08:00" level=info client_ip="::1" latency_time=26.5129ms req_method=POST req_uri=/user/user/create status_code=200
time="2021-07-01T15:53:51+08:00" level=info client_ip="::1" latency_time=0s req_method=POST req_uri=/user/user/login status_code=404
time="2021-07-01T15:54:48+08:00" level=info client_ip="::1" latency_time=25.3834ms req_method=POST req_uri=/user/user/login status_code=200
time="2021-07-01T15:55:58+08:00" level=info client_ip="::1" latency_time=1.5775ms req_method=POST req_uri=/user/user/login status_code=200
time="2021-07-01T15:57:05+08:00" level=info client_ip="::1" latency_time=1.9976ms req_method=POST req_uri=/user/user/login status_code=200
time="2021-07-01T15:58:31+08:00" level=info client_ip="::1" latency_time=6.9961ms req_method=GET req_uri="/user/user/getList?page=0&limit=10" status_code=200
time="2021-07-01T15:58:37+08:00" level=info client_ip="::1" latency_time=3.9993ms req_method=POST req_uri=/user/user/login status_code=200
time="2021-07-01T16:04:14+08:00" level=info client_ip="::1" latency_time=108.0599ms req_method=POST req_uri=/user/user/create status_code=200
time="2021-07-01T16:05:46+08:00" level=info client_ip="::1" latency_time=85.5858ms req_method=POST req_uri=/user/user/create status_code=200
time="2021-07-01T16:06:30+08:00" level=info client_ip="::1" latency_time=5.2771ms req_method=POST req_uri=/user/user/login status_code=200
time="2021-07-01T16:15:42+08:00" level=info client_ip="::1" latency_time=4.0376ms req_method=POST req_uri=/user/user/login status_code=200
time="2021-07-01T16:15:55+08:00" level=info client_ip="::1" latency_time=27.0028ms req_method=POST req_uri=/user/user/login status_code=200
time="2021-07-01T16:21:59+08:00" level=info client_ip="::1" latency_time=30.9817ms req_method=POST req_uri=/user/user/login status_code=200
time="2021-07-01T16:22:32+08:00" level=info client_ip="::1" latency_time=109.3737ms req_method=POST req_uri=/user/user/create status_code=200
time="2021-07-01T16:22:40+08:00" level=info client_ip="::1" latency_time=5.9984ms req_method=POST req_uri=/user/user/login status_code=200
time="2021-07-01T16:37:24+08:00" level=info client_ip="::1" latency_time=74.2724ms req_method=POST req_uri=/user/user/create status_code=200
time="2021-07-01T16:37:48+08:00" level=info client_ip="::1" latency_time=3ms req_method=POST req_uri=/user/user/login status_code=200
time="2021-07-01T16:38:26+08:00" level=info client_ip="::1" latency_time=3.966ms req_method=POST req_uri=/user/user/create status_code=200
time="2021-07-01T16:39:04+08:00" level=info client_ip="::1" latency_time=3.9972ms req_method=POST req_uri=/user/user/create status_code=200
time="2021-07-01T16:39:16+08:00" level=info client_ip="::1" latency_time=2.9969ms req_method=POST req_uri=/user/user/create status_code=200
time="2021-07-01T16:47:05+08:00" level=info client_ip="::1" latency_time=4.0138ms req_method=POST req_uri=/user/user/create status_code=200
time="2021-07-01T16:47:24+08:00" level=info client_ip="::1" latency_time=3.6424ms req_method=POST req_uri=/user/user/create status_code=200
time="2021-07-01T16:48:18+08:00" level=info client_ip="::1" latency_time=163.2725ms req_method=POST req_uri=/user/user/create status_code=200
time="2021-07-01T16:48:35+08:00" level=info client_ip="::1" latency_time=2.9973ms req_method=POST req_uri=/user/user/create status_code=200
time="2021-07-01T16:53:06+08:00" level=info client_ip="::1" latency_time=118.5052ms req_method=POST req_uri=/user/user/create status_code=200
time="2021-07-01T16:53:08+08:00" level=info client_ip="::1" latency_time=32.1456ms req_method=POST req_uri=/user/user/create status_code=200
time="2021-07-01T16:53:10+08:00" level=info client_ip="::1" latency_time=21.0431ms req_method=POST req_uri=/user/user/create status_code=200
time="2021-07-01T16:54:59+08:00" level=info client_ip="::1" latency_time=47.6904ms req_method=POST req_uri=/user/user/create status_code=200
time="2021-07-01T16:55:55+08:00" level=info client_ip="::1" latency_time=5.0054ms req_method=POST req_uri=/user/user/create status_code=200
time="2021-07-01T16:56:15+08:00" level=info client_ip="::1" latency_time=3.633ms req_method=POST req_uri=/user/user/create status_code=200
time="2021-07-01T16:56:52+08:00" level=info client_ip="::1" latency_time=5.9964ms req_method=POST req_uri=/user/user/create status_code=200
time="2021-07-01T16:57:01+08:00" level=info client_ip="::1" latency_time=2.9979ms req_method=POST req_uri=/user/user/create status_code=200
time="2021-07-01T16:57:06+08:00" level=info client_ip="::1" latency_time=2.9998ms req_method=POST req_uri=/user/user/create status_code=200
time="2021-07-01T17:07:04+08:00" level=info client_ip="::1" latency_time=31.4318ms req_method=POST req_uri=/user/user/create status_code=200
time="2021-07-01T17:07:21+08:00" level=info client_ip="::1" latency_time=69.5005ms req_method=POST req_uri=/user/user/create status_code=200
time="2021-07-01T17:08:31+08:00" level=info client_ip="::1" latency_time=135.4649ms req_method=POST req_uri=/user/user/create status_code=200
time="2021-07-01T17:09:37+08:00" level=info client_ip="::1" latency_time=136.4342ms req_method=POST req_uri=/user/user/create status_code=200
time="2021-07-01T17:11:48+08:00" level=info client_ip="::1" latency_time=55.1742ms req_method=POST req_uri=/user/user/create status_code=200
time="2021-07-01T17:18:33+08:00" level=info client_ip="::1" latency_time=0s req_method=POST req_uri=/user/user/create status_code=404
time="2021-07-01T17:18:42+08:00" level=info client_ip="::1" latency_time=48.0673ms req_method=POST req_uri=/api/v1/user/create status_code=200
time="2021-07-01T17:20:10+08:00" level=info client_ip="::1" latency_time=8.0089ms req_method=POST req_uri=/api/v1/user/create status_code=200
time="2021-07-01T17:22:24+08:00" level=info client_ip="::1" latency_time=5.7474ms req_method=POST req_uri=/api/v1/user/create status_code=200
time="2021-07-01T17:22:32+08:00" level=info client_ip="::1" latency_time=2.9985ms req_method=POST req_uri=/api/v1/user/create status_code=200
